<?xml version="1.0" encoding="UTF-8"?>
<testsuite xmlns:xsi="http://www.w3.org/2001/XMLSchema-instance" xsi:noNamespaceSchemaLocation="https://maven.apache.org/surefire/maven-surefire-plugin/xsd/surefire-test-report-3.0.xsd" version="3.0" name="com.reservei.clientsapi.ClientsApiApplicationTests" time="2.041" tests="1" errors="0" skipped="0" failures="0">
  <properties>
[...]
</properties>
  <testcase name="contextLoads" classname="com.reservei.clientsapi.ClientsApiApplicationTests" time="0.289">
    <system-out><![CDATA[10:54:57.724 [main] INFO org.springframework.test.context.support.AnnotationConfigContextLoaderUtils -- Could not detect default configuration classes for test class [com.reservei.clientsapi.ClientsApiApplicationTests]: ClientsApiApplicationTests does not declare any static, non-private, non-final, nested classes annotated with @Configuration.
10:54:57.765 [main] INFO org.springframework.boot.test.context.SpringBootTestContextBootstrapper -- Found @SpringBootConfiguration com.reservei.clientsapi.ClientsApiApplication for test class com.reservei.clientsapi.ClientsApiApplicationTests

  .   ____          _            __ _ _
 /\\ / ___'_ __ _ _(_)_ __  __ _ \ \ \ \
( ( )\___ | '_ | '_| | '_ \/ _` | \ \ \ \
 \\/  ___)| |_)| | | | | || (_| |  ) ) ) )
  '  |____| .__|_| |_|_| |_\__, | / / / /
 =========|_|==============|___/=/_/_/_/
 :: Spring Boot ::                (v3.1.2)

2023-07-25T10:54:57.925-03:00  INFO 3784 --- [           main] c.r.c.ClientsApiApplicationTests         : Starting ClientsApiApplicationTests using Java 17.0.2 with PID 3784 (started by luissantos in /Users/luissantos/Projetos/clients-api)
2023-07-25T10:54:57.926-03:00  INFO 3784 --- [           main] c.r.c.ClientsApiApplicationTests         : No active profile set, falling back to 1 default profile: "default"
2023-07-25T10:54:58.179-03:00  INFO 3784 --- [           main] .s.d.r.c.RepositoryConfigurationDelegate : Bootstrapping Spring Data JPA repositories in DEFAULT mode.
2023-07-25T10:54:58.207-03:00  INFO 3784 --- [           main] .s.d.r.c.RepositoryConfigurationDelegate : Finished Spring Data repository scanning in 23 ms. Found 3 JPA repository interfaces.
2023-07-25T10:54:58.395-03:00  INFO 3784 --- [           main] o.f.c.internal.license.VersionPrinter    : Flyway Community Edition 9.16.3 by Redgate
2023-07-25T10:54:58.395-03:00  INFO 3784 --- [           main] o.f.c.internal.license.VersionPrinter    : See release notes here: https://rd.gt/416ObMi
2023-07-25T10:54:58.395-03:00  INFO 3784 --- [           main] o.f.c.internal.license.VersionPrinter    : 
2023-07-25T10:54:58.399-03:00  INFO 3784 --- [           main] com.zaxxer.hikari.HikariDataSource       : HikariPool-1 - Starting...
2023-07-25T10:54:58.450-03:00  INFO 3784 --- [           main] com.zaxxer.hikari.pool.HikariPool        : HikariPool-1 - Added connection org.postgresql.jdbc.PgConnection@610d28b8
2023-07-25T10:54:58.450-03:00  INFO 3784 --- [           main] com.zaxxer.hikari.HikariDataSource       : HikariPool-1 - Start completed.
2023-07-25T10:54:58.458-03:00  INFO 3784 --- [           main] o.f.c.i.database.base.BaseDatabaseType   : Database: jdbc:postgresql://localhost:5432/reservei-clients-api (PostgreSQL 14.8)
2023-07-25T10:54:58.477-03:00  INFO 3784 --- [           main] o.f.core.internal.command.DbValidate     : Successfully validated 2 migrations (execution time 00:00.011s)
2023-07-25T10:54:58.488-03:00  INFO 3784 --- [           main] o.f.core.internal.command.DbMigrate      : Current version of schema "public": 2
2023-07-25T10:54:58.488-03:00  INFO 3784 --- [           main] o.f.core.internal.command.DbMigrate      : Schema "public" is up to date. No migration necessary.
2023-07-25T10:54:58.528-03:00  INFO 3784 --- [           main] o.hibernate.jpa.internal.util.LogHelper  : HHH000204: Processing PersistenceUnitInfo [name: default]
2023-07-25T10:54:58.557-03:00  INFO 3784 --- [           main] org.hibernate.Version                    : HHH000412: Hibernate ORM core version 6.2.6.Final
2023-07-25T10:54:58.558-03:00  INFO 3784 --- [           main] org.hibernate.cfg.Environment            : HHH000406: Using bytecode reflection optimizer
2023-07-25T10:54:58.619-03:00  INFO 3784 --- [           main] o.h.b.i.BytecodeProviderInitiator        : HHH000021: Bytecode provider name : bytebuddy
2023-07-25T10:54:58.684-03:00  INFO 3784 --- [           main] o.s.o.j.p.SpringPersistenceUnitInfo      : No LoadTimeWeaver setup: ignoring JPA class transformer
2023-07-25T10:54:58.789-03:00  INFO 3784 --- [           main] o.h.b.i.BytecodeProviderInitiator        : HHH000021: Bytecode provider name : bytebuddy
2023-07-25T10:54:59.051-03:00  INFO 3784 --- [           main] o.h.e.t.j.p.i.JtaPlatformInitiator       : HHH000490: Using JtaPlatform implementation: [org.hibernate.engine.transaction.jta.platform.internal.NoJtaPlatform]
2023-07-25T10:54:59.073-03:00  INFO 3784 --- [           main] j.LocalContainerEntityManagerFactoryBean : Initialized JPA EntityManagerFactory for persistence unit 'default'
2023-07-25T10:54:59.231-03:00  WARN 3784 --- [           main] JpaBaseConfiguration$JpaWebConfiguration : spring.jpa.open-in-view is enabled by default. Therefore, database queries may be performed during view rendering. Explicitly configure spring.jpa.open-in-view to disable this warning
2023-07-25T10:54:59.399-03:00  INFO 3784 --- [           main] c.r.c.ClientsApiApplicationTests         : Started ClientsApiApplicationTests in 1.579 seconds (process running for 1.942)
]]></system-out>
  </testcase>
</testsuite>